-0.492419   -0.48902   0.494231
-0.345245   -0.30757   -0.489934
0.481367   -0.354003   -0.338692
-0.325676   -0.482648   -0.347076
-0.18037   -0.492678   0.48424
-0.00221536   -0.34939   0.494385
-0.168316   -0.315535   -0.332805
-0.0108647   -0.498451   -0.331157
0.168571   0.497608   0.4886
0.3194   -0.345191   -0.499159
0.15781   -0.342516   -0.332229
0.323104   -0.497194   -0.3274
0.494726   -0.166511   -0.488431
-0.313698   0.00443455   -0.481025
-0.49045   0.0168649   -0.346357
-0.322855   -0.148458   -0.329753
-0.163273   -0.168354   -0.495989
0.00462014   0.0132871   -0.48305
-0.14224   -0.0226688   -0.318512
0.00293122   -0.167255   -0.33921
0.161006   -0.151906   0.495725
0.33707   -0.00549941   -0.499429
0.16478   0.00590016   -0.343553
0.325605   -0.18248   -0.337834
0.498707   0.187833   0.498666
-0.323489   0.339067   -0.495623
0.498159   0.33687   -0.349766
-0.33793   0.175476   -0.331873
-0.147278   0.162087   0.479798
0.00219599   0.357203   0.492932
-0.173874   0.334503   -0.335756
-0.00731861   0.20008   -0.344031
0.150023   0.152221   0.479783
0.321417   0.33739   -0.481205
0.160752   0.330743   -0.321561
0.321425   0.165201   -0.342456
0.498276   0.496163   -0.155244
-0.32933   -0.336574   -0.177214
-0.496385   -0.355208   -0.00122262
-0.33148   0.483935   0.00934256
-0.186258   -0.495178   -0.178816
-0.00581877   -0.336035   -0.176321
-0.161708   -0.330833   -0.00112818
0.014283   -0.488559   -0.00737119
0.166976   -0.493993   -0.159421
0.342359   -0.3362   -0.141261
0.179481   -0.340583   0.00794016
0.343238   0.474621   0.00553365
0.498215   -0.169421   -0.172158
-0.33735   -0.0111656   -0.14628
0.487247   -0.00412365   -0.0106653
-0.346835   -0.17626   -0.00340026
-0.150295   -0.154062   -0.145009
0.0171096   -0.0204782   -0.143257
-0.165306   0.00306959   0.003642
0.0199988   -0.172868   0.0141914
0.183374   -0.1558   -0.163085
0.339093   -0.00440315   -0.197207
0.171263   0.00555854   0.00241134
0.333519   -0.173761   0.0119623
0.481702   0.165096   -0.174289
-0.354798   0.334489   -0.173166
-0.493056   0.322413   0.0148552
-0.339321   0.157648   0.0147721
-0.16134   0.18004   -0.182101
-0.00154686   0.322429   -0.16448
-0.150021   0.349571   -0.0135975
-0.00169687   0.160598   0.00944861
0.156793   0.166824   -0.179709
0.315536   0.322519   -0.176317
0.173613   0.32605   -0.00786978
0.33235   0.175111   0.00834402
0.490957   0.479035   0.166302
-0.322682   -0.322067   0.151283
0.492502   -0.323   0.342445
-0.315476   0.489588   0.323737
-0.166193   -0.497087   0.13636
-0.0029618   -0.334456   0.175995
-0.189229   -0.327971   0.327052
-0.0108083   0.499586   0.326275
0.158844   -0.493669   0.156662
0.329733   -0.343348   0.173221
0.161674   -0.336311   0.339391
0.355453   -0.490591   0.352616
0.499564   -0.172738   0.172864
-0.358908   -0.0125943   0.167584
-0.492836   0.00553595   0.347304
-0.32994   -0.161682   0.351168
-0.156673   -0.161579   0.161996
0.00659263   -0.0119201   0.163084
-0.176176   -0.00405134   0.323826
0.000834788   -0.167466   0.322863
0.177404   -0.166448   0.175854
0.351139   0.0102598   0.176658
0.15774   0.00759757   0.329865
0.34234   -0.166949   0.336514
0.496545   0.175674   0.173717
-0.349658   0.3363   0.179621
0.49772   0.326088   0.332692
-0.327189   0.152838   0.328621
-0.166744   0.165834   0.173157
0.00321622   0.331152   0.143802
-0.164682   0.337032   0.30582
-0.00191058   0.174525   0.327205
0.169375   0.167091   0.178713
0.33639   0.328714   0.171059
0.172077   0.335692   0.330929
0.34392   0.151235   0.357575
