-0.734513   1.57304   -1.39934
0.483843   -0.0951891   0.79043
0.191667   0.386597   -0.364654
-0.157554   0.760793   -0.643441
0.36796   0.00733332   0.120183
-0.886829   0.268249   0.303509
-0.353367   -1.3685   -0.733044
-0.180889   -0.32183   -0.647082
-0.927328   -2.20796   0.504387
-0.0639483   1.29387   -1.06009
-0.881986   -0.0987286   -0.736567
-1.10555   -0.788988   -0.4738
1.68223   -1.07699   -1.00379
-0.3408   -0.698418   -0.225324
-1.26309   0.320544   0.52292
-0.556081   -1.64622   1.60638
0.870266   -0.267041   -0.300814
0.938684   -0.253357   1.45982
-0.545104   -1.72593   -1.27942
0.487201   0.18972   0.208138
-0.682711   0.629701   -0.0846138
0.664281   -0.286788   -0.846018
0.190595   -0.485773   -0.595608
1.49563   0.39543   -1.03889
-1.87825   -0.546484   -1.68627
-0.622132   -0.365823   0.8133
-0.226872   2.2508   -0.580871
2.32837   0.1751   -0.714743
-0.174422   -0.361224   0.310931
0.947588   0.098959   1.10413
1.69652   -0.413349   -1.6309
-0.446376   0.759342   0.603938
0.565812   0.525885   -1.21374
0.0615293   0.420656   1.06895
-0.0116412   0.362673   0.611587
-1.36329   -0.112012   1.05505
-1.60964   0.393356   0.672561
-1.61357   2.20201   0.666976
0.390519   1.67228   -0.111539
-0.108298   1.80923   0.748646
0.570318   0.209194   0.431551
0.151128   -1.02731   1.21757
-0.56176   0.684895   1.52418
-0.291673   -0.729779   1.78174
-1.29729   -1.29862   0.583423
-0.69643   -0.105419   -0.0302763
1.48518   -0.664066   1.42218
0.404421   0.725542   -0.436633
-0.468222   0.744617   -0.601134
-0.993656   0.350868   -1.20123
1.64823   0.211735   -1.4609
0.219876   0.323869   -1.66977
1.25932   -0.141056   1.14111
0.741357   -1.08262   -0.795166
-0.824759   1.36731   -0.0206582
0.38367   -0.639869   -1.16034
1.42329   -0.80414   0.781006
-1.04505   0.174704   1.02968
-0.148801   -0.0860486   0.324507
-0.061586   -0.242544   0.159338
-0.697288   -1.94993   0.849097
-0.514159   -0.336561   -1.04225
-0.924312   0.979502   0.61451
0.626442   -1.12563   -1.53101
-0.824876   0.196367   -0.846171
-0.779793   1.18219   0.649089
0.653177   -0.429647   -0.333556
-0.391322   -0.753538   -0.0353286
0.562353   -0.950548   -0.48521
-0.63997   -0.227515   -0.476415
-1.08785   0.724181   0.966982
-1.6176   1.08769   0.459391
0.319426   -0.0584018   0.766173
0.452585   -2.12643   -0.519053
-0.819127   -0.804349   -0.295175
-0.0481002   -0.38123   0.399176
-0.410866   -0.239652   0.571917
0.0620797   -0.0313416   1.19878
0.854101   0.755934   0.0953236
0.48531   1.75437   0.169637
0.0787223   -0.79551   -0.500811
0.652724   -0.611205   -1.39427
0.684612   -0.0994095   1.11597
1.26179   -0.0687621   1.56674
1.30941   1.23192   -1.1113
-0.298696   0.579724   -0.496989
0.402001   -0.00395808   0.799989
-0.322762   0.950414   0.730744
0.757511   -1.04934   0.831939
-0.242058   -1.00862   -0.594975
0.914385   0.909964   -0.319292
1.06088   -0.257486   -1.26772
-0.874733   -0.149838   -0.388355
-0.75868   2.05158   -0.132802
-1.41587   0.832973   -0.257832
-1.11492   0.684405   0.0350287
-0.425776   -0.155513   -1.08961
0.750241   -0.375681   -0.172436
-0.287724   -0.3024   -0.663253
-0.0235325   0.710743   1.64832
1.76234   0.0943166   0.0177321
0.403336   -0.945113   -0.494312
0.188645   0.0598983   -0.991797
-0.214353   0.966355   0.204199
-0.475231   0.16929   0.537091
1.23839   -1.12523   1.2779
-0.374719   0.594084   0.612563
1.57785   -1.49929   0.500211
