-0.133088   0.253095   0.405738
-0.479951   -0.319277   -0.356994
0.123453   0.225464   0.305018
0.081393   0.491816   -0.331981
0.0976863   0.158921   -0.290141
-0.332789   0.404205   -0.0108049
-0.0436092   -0.421179   0.340358
0.404097   0.20335   -0.192942
-0.0851378   0.472359   0.033074
0.45063   0.0919113   0.45732
0.178483   0.113629   0.0727379
-0.261836   -0.274936   -0.443347
-0.173015   -0.356606   0.334392
-0.0740383   -0.317918   -0.0135394
-0.151804   -0.246291   -0.0601062
0.0755922   0.41449   -0.362848
0.428805   -0.445988   0.013082
0.120898   0.15725   0.4438
0.21797   -0.028268   0.236725
0.226318   0.421618   -0.145461
0.183646   0.133687   -0.316844
-0.16726   -0.462355   -0.207577
0.309014   -0.0160569   0.30915
-0.457654   0.365719   0.0454633
0.228489   0.253579   0.433917
0.434208   0.01613   -0.023205
-0.0255769   -0.287969   -0.0809246
0.121904   -0.192209   -0.096931
0.188055   0.233433   -0.448623
-0.429174   -0.0795163   -0.301431
-0.240997   -0.312118   0.016891
0.282988   -0.177447   0.440942
-0.196042   -0.25299   0.0805473
0.443246   0.471768   0.294763
-0.227969   0.370105   0.32139
0.0112331   -0.327356   0.0881119
-0.234423   0.3176   -0.327179
-0.326127   -0.115789   -0.293061
0.49913   -0.122227   0.315314
0.0635734   -0.0141153   -0.204571
0.375935   -0.0582071   0.390153
-0.135593   0.468753   -0.450506
-0.381277   -0.0398015   -0.353002
0.193489   0.170814   0.419928
-0.386637   0.183984   0.250553
-0.107248   0.390476   0.13597
-0.110738   0.109065   0.376606
0.459904   0.286522   0.366813
0.368341   -0.330525   0.207967
0.35753   -0.275186   -0.0551698
0.278265   0.192045   0.156661
0.2001   -0.359322   -0.449509
0.29247   -0.43982   -0.171047
-0.374742   -0.177769   0.421262
-0.482948   -0.13457   -0.319847
-0.459451   0.445863   0.0674526
-0.158789   0.21706   -0.183009
-0.102365   0.353462   -0.142909
0.395952   0.361524   0.324793
0.0108198   -0.136503   -0.0999016
-0.362514   -0.430816   -0.319833
0.213564   -0.0194671   -0.00987667
0.381834   0.141289   -0.0321983
-0.0254748   -0.0564606   0.0824402
0.282961   -0.284277   -0.216201
-0.356852   0.146981   -0.359604
-0.124586   -0.143546   -0.0459665
-0.427413   0.213694   0.152093
-0.0721749   -0.229458   -0.0585159
-0.0589181   0.395536   -0.231555
0.306531   0.149018   0.29241
0.188387   -0.277352   -0.356044
-0.331335   0.463255   0.295392
0.101433   -0.317208   -0.436116
-0.105905   -0.364471   0.386764
0.167294   0.42387   -0.289608
0.482756   0.265656   -0.0410972
0.132912   -0.315851   -0.0323101
-0.309523   -0.190796   0.272121
-0.0401864   0.00143993   0.175126
-0.0410027   -0.245153   0.0140317
0.11651   0.438951   0.413897
0.182119   -0.415949   0.166408
0.279748   0.298277   -0.184527
-0.0834153   0.482891   0.12361
0.334187   -0.380216   0.339574
-0.305553   -0.191828   -0.465118
-0.0753163   0.00905502   0.249882
-0.193131   -0.181631   -0.242261
0.435252   -0.468819   -0.437678
-0.273511   -0.179171   -0.151075
-0.160179   -0.205206   -0.146786
0.414307   -0.341949   0.0126865
0.479722   -0.0457112   0.341205
-0.196133   -0.465584   0.233777
-0.304531   0.236573   0.460195
0.320652   0.184608   -0.125246
0.314516   0.0990124   0.443571
-0.292913   0.41139   0.463643
0.493848   0.313393   -0.336516
-0.107644   0.316666   0.0273228
0.361983   0.0424088   0.273376
0.0424339   0.452129   0.383434
0.467463   0.398378   0.270879
-0.125009   -0.471118   0.339379
0.171503   -0.215602   0.485011
-0.0807398   -0.19526   0.29073
0.418651   -0.279134   0.155686
