-2.20917   -0.0425481   -0.284662
-0.524741   -0.736492   -0.889923
0.145217   -0.0086565   0.515294
1.0489   -1.40357   -0.68161
-2.49697   1.28967   -0.0186198
2.04495   1.29632   0.120075
0.290098   0.282619   -0.0550699
-0.434231   1.99886   -1.2222
0.400923   -1.20985   0.194134
0.609724   -0.744486   0.31228
0.299944   0.822959   -1.91923
-0.101366   0.398616   1.08035
0.34783   -1.56636   -0.47852
0.461104   0.549722   0.415979
-0.126201   -0.904219   -0.774582
-0.877788   1.58848   -0.826687
-2.26448   0.0125294   1.77374
-0.470057   0.418411   -0.981788
-0.912858   1.17445   1.15717
-1.16415   1.17185   -0.577682
0.486768   -0.38732   1.10813
0.238074   1.23772   -0.209912
-1.74888   0.364403   0.167086
1.07041   -0.453154   -0.102669
-1.08116   -1.25569   0.336544
-0.676946   -1.90422   -0.32622
-1.06536   -4.11486   1.83577
-1.07171   -0.0466043   -0.228823
-1.00072   -1.10018   -1.07159
0.570692   -0.184904   -1.77412
0.365113   0.290422   -1.13558
-0.907921   -0.570711   1.63773
0.170584   -0.414402   0.985099
-0.935285   0.0793339   0.255358
-1.0293   -0.845673   1.04199
0.781464   0.515632   -1.56069
-0.232441   0.912035   0.861972
0.542294   -0.32766   1.20346
-1.1566   1.26148   0.938858
-0.665322   -0.241127   -1.72666
-1.03221   1.31536   2.42814
0.735333   -0.0249762   1.40319
-0.690923   -0.98005   -0.476914
-0.131002   -0.412469   1.71168
-0.5233   -1.72968   1.59794
0.5683   0.378582   0.341259
1.00352   0.313096   -0.547116
-2.23919   0.266808   0.555359
0.225745   0.104435   2.00354
1.57555   -0.746466   -0.902745
0.467542   0.487409   0.357432
-0.38267   1.45661   -1.9145
0.67798   -0.527784   -0.238095
0.587127   0.204556   -0.297431
0.746407   -0.972119   -0.444949
-1.59584   -1.27452   -0.0673624
0.197215   3.19773   -2.07198
2.09104   -0.508771   0.757942
1.41782   1.76173   -0.618337
-0.057128   1.51776   -0.0100835
0.739992   1.20468   -0.392829
-0.0783993   0.655544   1.01365
-1.26587   1.174   -0.825269
-0.235887   -1.70041   1.16652
0.699875   -1.37086   0.453335
0.689307   -3.2547   0.746068
0.101002   -1.00663   -0.287554
0.926679   1.57976   -1.17981
-0.682154   -2.26219   2.36529
0.99556   -1.53059   -1.51979
0.421744   -0.369071   -1.95396
0.515411   -0.211996   -0.557446
0.702027   -0.909441   -0.276122
-0.682138   0.325498   -0.890643
1.07024   -1.29337   0.488688
-1.10907   0.334832   0.18274
1.27674   1.43106   -0.905412
-0.438941   0.658351   0.303572
0.0799774   0.437911   -1.00701
-0.347893   0.686349   -0.066506
0.841501   0.404802   -0.773263
0.644787   0.286824   -0.163341
0.236455   1.33183   2.81376
1.11083   -0.172468   0.731994
-0.760372   -0.119069   0.054173
-1.51908   -1.43255   -0.614836
-1.28052   -0.992285   -0.891127
0.917933   1.96146   -2.15561
1.15585   -1.00352   -1.02367
1.01145   0.838706   -2.22987
-1.13219   1.30184   1.8406
-0.393855   0.485383   1.92965
0.822555   1.561   -0.218198
0.268956   0.290188   0.632313
0.463535   0.957075   1.61694
-1.51289   -1.68745   -1.12552
-1.33331   -1.15619   2.24315
1.9206   0.144243   -0.21696
2.80147   0.678508   -0.833904
-1.44084   0.320604   -2.00399
0.172168   -1.31756   0.799529
1.59461   2.1707   -1.15382
0.0117143   0.133361   -0.0815619
-0.209625   -0.290222   0.750892
0.254247   -0.346595   -2.37126
1.56287   0.159378   1.28231
-0.448558   0.376578   0.984998
0.499741   -0.493364   0.657959
