-0.398218   0.355276   0.498155
0.243082   -0.29202   -0.442371
-0.409546   -0.451347   -0.436142
-0.0956934   0.311883   0.480804
0.184389   0.11174   -0.0615672
0.0412443   -0.464196   0.290991
0.242939   -0.101579   -0.0775221
-0.218077   0.0573337   -0.373216
-0.0944461   -0.273979   -0.426818
0.218961   -0.371455   0.481867
0.106838   -0.210259   -0.0444491
-0.0525671   -0.491109   0.193578
0.103198   -0.142568   0.450322
-0.313635   -0.00276614   0.378761
-0.225276   -0.107284   0.197954
0.113556   -0.0785345   -0.206899
0.354813   0.0721334   0.0521464
-0.00992561   0.231826   0.37969
0.169597   -0.0961895   0.208423
0.384865   0.184498   -0.35029
0.0572219   -0.0117654   -0.349992
-0.362109   -0.250398   0.480911
-0.380182   -0.421352   0.316768
0.13284   -0.385081   0.414963
0.346195   0.488305   0.182358
0.428186   0.31702   -0.454965
-0.166602   0.104029   -0.162682
-0.20101   0.0226794   0.469936
0.0485104   0.0548024   -0.254811
-0.270057   0.269996   -0.356679
-0.434017   0.472464   -0.446503
0.260075   -0.0269761   0.000343697
0.184622   0.283005   -0.339767
-0.164394   -0.290766   0.43093
-0.157281   0.482384   0.397921
0.380201   0.0872821   0.302518
0.437854   0.315835   -0.336949
0.0981988   0.462623   -0.142677
-0.222269   0.353102   0.0946533
-0.00797671   0.45482   -0.118814
-0.318115   -0.134244   0.465825
-0.32757   0.0469775   -0.115467
0.308088   0.348997   0.0336997
0.000302075   -0.459618   0.0506715
0.363311   0.402095   0.417139
0.414851   -0.317799   0.180131
-0.0840804   0.157775   0.100283
0.173737   -0.490175   -0.242157
-0.389174   -0.209813   -0.234729
-0.0904494   0.0211053   -0.0736064
-0.376148   -0.0563172   0.0828868
-0.0273628   -0.199235   -0.278204
0.17909   -0.0949686   -0.0323701
-0.490026   -0.0173515   0.162894
-0.157796   0.327565   0.315099
-0.228816   -0.440592   0.141516
-0.165419   -0.241006   0.212766
-0.260913   0.0539903   -0.454036
0.128178   0.380776   -0.0176395
0.315056   0.284421   -0.255259
-0.325251   0.298251   -0.210483
-0.141154   -0.202997   -0.201137
-0.348555   -0.36595   -0.0128464
0.369898   0.0685823   0.469137
-0.201229   0.0527831   0.288083
0.137073   -0.0424988   -0.0849837
-0.1365   0.0527634   0.0278956
-0.0973057   -0.128592   0.332973
0.340158   -0.296839   -0.345566
0.204307   -0.250487   -0.381852
-8.84829e-05   0.311853   0.494187
0.495562   -0.0229667   -0.100497
0.31357   -0.304132   0.188316
-0.113209   0.127986   -0.0662737
0.33483   -0.154032   -0.372493
-0.040494   -0.00726635   0.23894
-0.219568   0.432998   0.472335
-0.127017   -0.200831   0.407283
-0.122847   0.157116   -0.312049
0.293599   0.463366   -0.391373
0.211716   -0.10082   0.296478
-0.431839   0.0143297   -0.252107
0.374533   0.38883   -0.305697
-0.474032   -0.277542   -0.448172
-0.27923   -0.483737   -0.108636
-0.265756   -0.334563   -0.152712
0.206853   -0.193896   -0.0321753
0.474145   -0.283398   0.289397
-0.24372   -0.124201   -0.474744
0.304338   0.35265   -0.139592
-0.421901   -0.162207   0.461904
-0.206861   -0.16702   0.334704
-0.159781   -0.259215   -0.484505
-0.0191646   0.0545268   -0.365942
-0.283528   -0.104029   -0.147292
-0.274923   0.240135   0.00283689
-0.407979   -0.392989   0.225193
-0.202989   -0.320142   -0.00737481
-0.0978471   0.194383   0.346747
-0.141859   0.352421   0.09164
-0.120355   0.390967   0.239055
0.0488786   -0.0193515   -0.432192
-0.42275   0.156285   0.204715
0.0598819   -0.156931   -0.187766
0.349044   -0.39638   -0.0906417
0.479556   -0.17412   0.158556
-0.058641   -0.461062   0.396922
0.0675762   -0.108035   0.361486
