-0.483303   -0.481861   -0.477116
-0.319737   -0.329531   -0.48672
-0.474846   -0.322717   -0.290177
-0.338714   -0.49462   -0.316098
-0.163986   -0.498845   -0.463199
-0.0159817   -0.311937   -0.470781
-0.160987   -0.331149   -0.296133
0.000304992   -0.499398   -0.322638
0.16606   0.498049   -0.494599
0.366984   -0.330521   -0.479318
0.172297   -0.339782   -0.327821
0.36761   0.49596   -0.321362
-0.468928   -0.173472   -0.456423
-0.331741   0.00796743   -0.475455
-0.467096   0.00213682   -0.304647
-0.305737   -0.16659   -0.300708
-0.190996   -0.159227   -0.476877
0.0243497   0.0102373   -0.469907
-0.152001   -0.00288448   -0.326375
-0.00128812   -0.155714   -0.301991
0.173609   -0.170346   -0.463193
0.36388   0.00298836   -0.47272
0.203926   0.000329731   -0.322474
0.365889   -0.162882   -0.311014
-0.485599   0.179506   -0.492562
-0.299062   0.321956   -0.491568
-0.470176   0.314582   -0.322123
-0.298175   0.161771   -0.320909
-0.149026   0.162443   -0.493974
-0.00429021   0.3499   -0.499851
-0.159556   0.340262   -0.303984
0.0118103   0.18052   -0.31708
0.180248   0.154186   -0.495855
0.347656   0.353408   -0.487173
0.192728   0.333466   -0.318953
0.353953   0.177641   -0.301949
0.491974   0.479619   -0.141188
-0.330813   -0.357128   -0.142552
-0.48359   -0.337671   0.0149649
-0.329911   0.47598   0.0189967
-0.137118   0.490076   -0.137764
0.0223366   -0.33582   -0.1762
-0.165473   -0.334126   0.0140039
-0.00497623   -0.489707   0.0167313
0.166783   0.497408   -0.154476
0.319986   -0.341207   -0.138682
0.163042   -0.317655   0.018924
0.334263   -0.48222   0.0341209
-0.479856   -0.150459   -0.148254
-0.30029   0.0216642   -0.166709
-0.464263   0.0154375   0.028472
-0.325043   -0.174483   0.00293827
-0.151363   -0.162898   -0.147442
0.0177988   0.00231012   -0.134029
-0.158682   -0.00137816   0.0315298
-0.0128299   -0.169193   0.0220097
0.183804   -0.166687   -0.173992
0.353128   0.0126904   -0.133406
0.178317   -0.0051293   0.0280418
0.336579   -0.168238   0.0128229
-0.472313   0.153579   -0.145655
-0.320078   0.319027   -0.154796
-0.476179   0.327045   0.0230192
-0.304419   0.177002   0.0114632
-0.141246   0.169872   -0.145302
0.0107908   0.333223   -0.141968
-0.140899   0.328753   0.0190563
0.0042174   0.163499   0.0307395
0.189534   0.169106   -0.148405
0.331624   0.332133   -0.111262
0.165661   0.319954   0.0239403
0.340085   0.169188   0.028444
-0.473991   -0.488083   0.181229
-0.321089   -0.32213   0.173397
-0.490872   -0.337421   0.343364
-0.319247   0.48589   0.348896
-0.167996   0.496771   0.171042
0.000494592   -0.312443   0.198254
-0.173945   -0.312622   0.343791
0.00730514   -0.491742   0.334717
0.158192   -0.47131   0.171903
0.314117   -0.324928   0.196375
0.157577   -0.331619   0.374107
0.345213   -0.491514   0.351732
-0.498798   -0.167977   0.169008
-0.316089   0.0140263   0.178447
-0.489655   0.00777749   0.376694
-0.323733   -0.161852   0.337265
-0.168616   -0.159305   0.173835
0.0116028   -0.0187625   0.190998
-0.154926   -0.014317   0.371996
0.0111365   -0.140589   0.369511
0.162174   -0.157323   0.179984
0.347949   0.00779483   0.183921
0.186435   0.000680104   0.346998
0.355943   -0.14245   0.381953
-0.48675   0.154517   0.19836
-0.326317   0.316605   0.190314
-0.495814   0.339289   0.335234
-0.323328   0.159944   0.350357
-0.145779   0.138794   0.196861
0.017222   0.343787   0.178891
-0.147247   0.314133   0.327313
0.0139139   0.146935   0.355023
0.1603   0.156529   0.19489
0.349101   0.331732   0.176941
0.192931   0.345751   0.345638
0.352892   0.168706   0.340331
