-0.82632   -0.941905   -0.560796
-2.97965   -0.114186   -0.878228
-1.13376   -1.33707   -0.69834
-2.42293   -0.830412   0.833633
-0.0291252   -1.10063   -2.10594
-0.394922   0.72411   0.221298
-0.108401   -0.509734   0.317458
-1.2484   -0.279224   0.819233
1.09734   1.36664   0.166962
-0.698173   0.70955   1.13455
0.627304   0.0546001   -1.09565
-0.0229194   0.145506   1.63424
-0.817841   -0.358616   0.555222
-0.529716   -0.554937   1.79779
-0.105357   2.03695   0.0647362
0.0323906   1.53928   1.37776
0.82819   -1.56979   -0.0256704
-0.559759   -0.498681   1.45993
-0.912676   2.27669   -1.99344
-0.351541   -0.630353   0.342618
0.41781   0.0273187   1.37321
0.487212   -1.86458   -1.23381
0.150038   -1.46963   2.65208
-1.02606   -2.09766   -0.772081
0.157488   -0.802799   -0.834208
-1.10204   2.35846   -0.682208
0.710475   2.47541   -0.890558
-1.47041   -1.19114   -1.89322
-0.00425907   -0.230182   -1.70381
0.00860442   -0.80928   0.356307
-0.697144   1.20261   0.754638
2.43412   0.966336   0.0392736
-0.799753   0.731303   1.68839
-0.980254   0.339231   -0.299868
-0.799475   1.66631   1.05143
1.65972   -0.489221   -0.581576
1.73691   -0.687865   0.0398326
0.302661   1.29691   1.92498
2.14879   1.5651   1.79092
-0.310729   1.00975   0.566975
0.235569   0.620482   1.31728
1.34651   1.93965   -0.606694
-0.380057   -0.433999   -0.887443
0.519889   -0.0976292   0.986938
-1.22372   -0.624892   -0.834439
0.419659   1.40437   0.679183
-0.491293   -0.908585   1.65039
-0.567658   -0.366503   -0.212931
1.18902   0.538426   0.557094
0.394036   -0.534085   -0.485294
0.245976   0.597264   -0.12537
1.42153   -0.188694   -0.594951
1.80529   0.238748   0.716747
-1.21815   1.7241   0.386249
-0.603335   0.259071   1.44733
-0.141916   -0.380936   -0.469651
0.227922   0.222059   -2.52647
0.275857   0.482158   -1.78014
1.56589   -1.16959   0.523628
-0.226792   -1.29567   0.274004
0.866035   -0.60075   -0.596285
-1.37685   0.400123   1.68234
-1.40304   -0.33082   -0.868458
0.661872   0.594494   -1.5973
1.32842   0.366521   0.660175
0.690715   -0.351062   0.484353
-1.71364   -0.101118   -0.252551
-1.10042   0.764383   -0.0600543
0.37611   1.06627   -0.619603
-1.50727   -0.111715   0.79428
2.1793   -0.0865435   0.530894
3.29654   0.670648   0.66748
-0.917383   -1.43842   1.51626
1.32272   0.085905   0.251013
-1.11274   -0.478228   1.74991
0.913621   -0.314411   -3.55306
0.329258   -2.26333   0.248984
-0.701332   -0.786157   0.755439
-0.212702   0.781665   1.00946
0.816231   0.267593   0.593319
-0.0957315   0.33283   0.483551
1.26126   -1.73121   -0.971541
-0.490721   0.846416   -0.499549
0.0155758   0.296992   -0.880174
-2.1281   0.926362   -0.807216
0.0279002   -0.497993   0.729599
0.634805   1.2449   -0.947637
-0.780236   0.0629045   -0.969947
2.15261   -1.19973   -0.338114
1.32403   -0.776008   -1.14047
-0.508897   -0.466152   -0.490544
0.927115   0.379293   -0.0476145
-0.210162   0.49086   2.20209
-1.86655   -0.22537   -3.19886
0.731461   0.204834   1.09461
1.48111   0.816381   -1.84057
-0.299704   -1.41704   -0.375567
0.769477   -0.802225   -0.379831
-1.69565   0.0865076   2.40896
0.791199   -1.0659   -0.340586
-1.48927   0.952496   0.623923
-0.36616   0.253342   -1.65215
1.17515   -0.170318   0.193301
-0.0133443   -0.458906   -0.965387
-2.58555   -0.663176   -2.18125
1.83814   -0.0716764   -2.15105
-0.469363   -0.404619   1.08512
-0.127499   -1.22879   1.23077
