-0.000113062   0.256998   -0.466293
-0.233879   -0.0820094   0.225749
-0.277444   -0.0477632   -0.481853
0.406328   -0.240107   -0.28804
0.0220877   -0.3821   -0.321475
-0.172827   0.115407   -0.465011
-0.105094   0.048336   -0.129414
-0.0479682   0.382341   0.112446
0.299659   0.463938   0.019614
0.212838   0.483368   -0.415972
0.115185   0.236606   -0.29397
-0.142317   0.245435   -0.297556
-0.402834   0.416571   -0.137404
-0.0738282   -0.0300351   0.0796313
0.103548   0.178801   0.366861
-0.39857   0.0951502   -0.412236
0.444116   0.116583   0.45427
0.151652   -0.0572746   -0.00369083
0.477893   -0.245405   0.237944
0.417547   0.340243   -0.074908
-0.326439   -0.481174   0.25377
-0.297664   0.428426   -0.324217
-0.22345   0.324975   0.251653
0.171936   0.469687   0.34043
0.00262181   -0.390557   0.31589
-0.32794   -0.268513   0.316107
0.280704   -0.190227   -0.121958
-0.379901   -0.245059   0.0907192
-0.496608   0.0817844   0.0744397
0.241752   0.421727   -0.201704
-0.0246099   -0.0106369   -0.303458
0.377657   -0.148086   0.481659
-0.306589   0.133201   -0.149651
-0.414872   0.377625   0.363939
0.373976   -0.445124   0.454239
-0.486192   -0.304364   0.483162
-0.156755   -0.287464   0.412643
0.332124   0.297624   -0.340993
-0.437942   -0.0751341   0.171817
-0.0919445   -0.108798   0.36452
0.443679   -0.419784   -0.129373
0.14826   -0.452813   0.146457
-0.295732   0.112488   0.168076
-0.479264   0.473284   0.042138
-0.0771203   0.16824   0.134038
0.310755   -0.0436564   -0.249083
0.416667   -0.0943648   0.0371772
-0.0312369   -0.156497   -0.0704643
-0.173245   0.496648   0.378927
-0.273246   -0.426077   0.0291048
0.286987   -0.327281   0.251399
-0.231814   -0.0209151   -0.300432
-0.490199   -0.238336   -0.0872963
0.0205605   0.0171814   0.492341
-0.236811   0.327   0.475594
-0.406952   0.268449   0.02868
-0.482143   -0.0748243   -0.383441
0.337316   -0.290105   0.0639731
0.00414806   -0.241491   -0.473469
0.206293   0.129215   0.196037
-0.0147814   0.350014   0.365065
-0.339792   -0.0367125   0.0201322
-0.44526   0.306664   -0.446273
-0.123913   0.114293   0.332189
0.0805322   -0.227803   0.104884
0.356063   0.473499   0.236147
0.0528498   0.394707   -0.0831697
0.160184   0.34186   0.124547
0.400452   0.359092   0.47579
0.444879   0.0436083   0.263526
0.41059   0.10738   -0.342512
-0.157435   0.2485   -0.0782208
-0.439895   -0.0765777   0.396546
0.0249521   -0.465834   0.490217
0.183938   -0.351387   0.443329
-0.46021   0.237605   -0.263255
-0.089563   -0.290386   0.176654
0.0966054   -0.369817   -0.0905146
-0.342885   0.169351   0.416563
-0.0328196   0.41248   -0.316496
0.267809   -0.114566   0.19201
0.0705306   0.154862   0.00303082
0.119909   0.0657849   -0.203473
0.305435   0.256124   0.334954
0.214007   0.240439   -0.113954
0.34032   0.26659   0.125779
0.280639   0.103717   0.0109334
-0.0303355   -0.445434   0.010503
0.206877   -0.00345399   -0.438438
-0.143624   -0.401561   -0.411263
-0.341537   -0.369944   -0.190991
-0.379181   -0.456098   -0.485251
-0.25502   -0.161889   -0.16332
-0.231975   0.370051   0.055989
0.278994   0.0220318   0.367151
-0.141718   0.454775   -0.130336
-0.150611   -0.173699   -0.380725
-0.478067   0.209872   0.23542
0.219479   -0.228755   -0.393178
-0.11427   -0.323635   -0.170472
0.285168   -0.390644   -0.226724
0.133343   -0.14384   -0.25598
0.102892   -0.177428   0.338974
0.452869   -0.437234   -0.360386
0.031456   -0.00430525   0.267243
-0.469609   -0.0250487   -0.155705
-0.365602   -0.241043   -0.349234
0.42448   0.131954   -0.129959
