1.71165   1.23329   0.644181
-0.932594   -1.50488   0.398011
0.122789   -1.20542   -0.487731
0.958534   0.461416   0.251407
0.311715   -1.0637   -0.67368
-2.20587   0.322126   0.371429
1.75198   0.0954032   0.187946
0.491836   -0.273127   1.02737
-1.13166   -1.19995   -0.0561128
-0.0888576   0.128422   2.23783
2.20851   -0.191392   1.67269
1.20459   -0.977578   0.695023
-0.551432   -1.00653   -1.26281
-0.26555   2.37126   0.310865
-0.468583   -0.913277   -1.20722
0.71444   0.274663   1.08468
0.579148   0.395572   1.31514
-0.627834   2.33717   -0.128381
-0.0669418   -1.41206   -0.0438451
-0.701029   -0.526444   1.77945
-0.761677   0.656551   0.272799
-0.803587   -0.394304   0.475232
0.157314   -0.859742   0.508183
-0.0695908   0.693008   -0.740263
-1.07593   1.87561   -0.829095
-0.0703265   1.81746   0.486728
2.20031   1.6513   -1.06922
0.194866   -1.73198   -0.890296
-0.375132   -1.52101   1.02171
1.33765   0.233285   -0.135637
-0.851884   -0.0725189   -1.72517
0.0719659   -0.0419763   -1.61679
-1.01736   -0.375774   1.09001
0.980345   0.88858   -2.29903
-0.0738164   0.361345   0.574173
-0.573133   -2.2033   0.759852
-0.577776   1.72678   -1.8183
0.0126261   1.4071   1.33796
0.6226   -0.719816   -0.129602
-2.28379   0.283022   1.97884
0.373203   2.22123   -2.09708
0.757317   -0.49559   -0.609987
-0.0223757   -0.954945   -1.25488
0.781135   0.882023   -0.0272405
-1.10665   -1.4405   -0.279561
0.355257   0.200211   -0.652294
0.903127   -0.392131   -0.644467
-1.40993   -0.865092   -0.933569
1.05223   -0.570245   1.72764
-0.102031   -0.584344   -0.672748
-0.810342   0.0283371   0.0915376
0.143895   0.431133   -0.411891
0.474308   0.0283732   0.40705
0.257908   -0.71457   0.189264
-1.77943   1.25917   -0.321633
-0.431026   1.01109   -0.823786
0.871427   -0.681867   -1.03351
-1.8349   2.42041   -1.36361
0.214408   -0.445728   -0.203373
1.92162   -0.534165   -0.0588463
0.519869   0.609623   0.292513
-0.468714   0.239964   0.237861
0.226422   0.228749   2.76977
-1.0885   -0.245548   -1.35623
1.3559   -0.357351   0.292987
-1.1565   1.88894   -0.186455
0.90691   -0.786262   0.448403
0.566065   0.702655   -0.861952
-0.00516153   1.2184   1.40927
-0.549128   -0.0654001   1.33587
0.46272   -0.598711   0.874479
0.0702728   -0.0809448   1.19547
0.49611   -1.49332   -1.37592
-0.238601   -1.34581   -0.539926
-1.29673   0.125559   0.346434
2.62115   -0.900094   1.68578
-0.19056   -0.525132   0.219474
0.084401   -0.504353   1.23587
0.0845489   1.77542   -1.26735
-0.781721   1.74107   0.979184
0.351175   0.654395   0.260257
0.110657   -1.99264   -0.555249
0.648083   -0.520663   0.471359
0.508684   0.893336   0.018101
0.0269871   -1.19633   -1.12371
0.749165   0.169267   -0.0347988
-2.22635   -2.19023   -0.837104
-0.912315   2.1536   1.94342
-0.574881   -1.2137   0.786129
-0.855608   -0.213435   0.516821
0.203691   1.16202   -0.978201
0.699909   0.0784233   0.674725
0.431634   1.52911   -0.53371
-0.577425   0.707082   -1.92658
1.19138   0.43108   1.1394
-0.0666038   0.120384   0.852237
0.398743   0.388264   1.4896
1.31538   0.669839   -1.31422
0.141008   -1.64022   1.6057
0.823513   0.366437   -0.721106
-0.316329   0.779841   -1.84348
-0.615246   0.834604   -0.615075
0.865597   -1.78852   -0.506329
-0.49805   -0.969411   -0.823404
-0.329218   -0.142599   -2.84753
-1.15924   -0.34239   0.72083
-1.07369   -2.48446   1.52203
-1.54709   0.308034   -1.47098
